Traceback (most recent call last):
  File "/mnt/c/Users/MacBook/OneDrive/Dokumen/VS_Code/magnitudr/venv/lib/python3.10/site-packages/airflow/configuration.py", line 1184, in getfloat
    return float(val)
ValueError: could not convert string to float: '60 * 60 * 24 * 7'

During handling of the above exception, another exception occurred:

Traceback (most recent call last):
  File "/usr/lib/python3.10/runpy.py", line 196, in _run_module_as_main
    return _run_code(code, main_globals, None,
  File "/usr/lib/python3.10/runpy.py", line 86, in _run_code
    exec(code, run_globals)
  File "/mnt/c/Users/MacBook/OneDrive/Dokumen/VS_Code/magnitudr/venv/lib/python3.10/site-packages/gunicorn/__main__.py", line 10, in <module>
    run(prog="gunicorn")
  File "/mnt/c/Users/MacBook/OneDrive/Dokumen/VS_Code/magnitudr/venv/lib/python3.10/site-packages/gunicorn/app/wsgiapp.py", line 66, in run
    WSGIApplication("%(prog)s [OPTIONS] [APP_MODULE]", prog=prog).run()
  File "/mnt/c/Users/MacBook/OneDrive/Dokumen/VS_Code/magnitudr/venv/lib/python3.10/site-packages/gunicorn/app/base.py", line 235, in run
    super().run()
  File "/mnt/c/Users/MacBook/OneDrive/Dokumen/VS_Code/magnitudr/venv/lib/python3.10/site-packages/gunicorn/app/base.py", line 71, in run
    Arbiter(self).run()
  File "/mnt/c/Users/MacBook/OneDrive/Dokumen/VS_Code/magnitudr/venv/lib/python3.10/site-packages/gunicorn/arbiter.py", line 57, in __init__
    self.setup(app)
  File "/mnt/c/Users/MacBook/OneDrive/Dokumen/VS_Code/magnitudr/venv/lib/python3.10/site-packages/gunicorn/arbiter.py", line 117, in setup
    self.app.wsgi()
  File "/mnt/c/Users/MacBook/OneDrive/Dokumen/VS_Code/magnitudr/venv/lib/python3.10/site-packages/gunicorn/app/base.py", line 66, in wsgi
    self.callable = self.load()
  File "/mnt/c/Users/MacBook/OneDrive/Dokumen/VS_Code/magnitudr/venv/lib/python3.10/site-packages/gunicorn/app/wsgiapp.py", line 57, in load
    return self.load_wsgiapp()
  File "/mnt/c/Users/MacBook/OneDrive/Dokumen/VS_Code/magnitudr/venv/lib/python3.10/site-packages/gunicorn/app/wsgiapp.py", line 47, in load_wsgiapp
    return util.import_app(self.app_uri)
  File "/mnt/c/Users/MacBook/OneDrive/Dokumen/VS_Code/magnitudr/venv/lib/python3.10/site-packages/gunicorn/util.py", line 423, in import_app
    app = app(*args, **kwargs)
  File "/mnt/c/Users/MacBook/OneDrive/Dokumen/VS_Code/magnitudr/venv/lib/python3.10/site-packages/airflow/www/app.py", line 196, in cached_app
    app = create_app(config=config, testing=testing)
  File "/mnt/c/Users/MacBook/OneDrive/Dokumen/VS_Code/magnitudr/venv/lib/python3.10/site-packages/airflow/www/app.py", line 167, in create_app
    init_appbuilder(flask_app)
  File "/mnt/c/Users/MacBook/OneDrive/Dokumen/VS_Code/magnitudr/venv/lib/python3.10/site-packages/airflow/www/extensions/init_appbuilder.py", line 666, in init_appbuilder
    return AirflowAppBuilder(
  File "/mnt/c/Users/MacBook/OneDrive/Dokumen/VS_Code/magnitudr/venv/lib/python3.10/site-packages/airflow/www/extensions/init_appbuilder.py", line 168, in __init__
    self.init_app(app, session)
  File "/mnt/c/Users/MacBook/OneDrive/Dokumen/VS_Code/magnitudr/venv/lib/python3.10/site-packages/airflow/www/extensions/init_appbuilder.py", line 224, in init_app
    self._swap_url_filter()
  File "/mnt/c/Users/MacBook/OneDrive/Dokumen/VS_Code/magnitudr/venv/lib/python3.10/site-packages/airflow/www/extensions/init_appbuilder.py", line 236, in _swap_url_filter
    from airflow.www.views import get_safe_url
  File "/mnt/c/Users/MacBook/OneDrive/Dokumen/VS_Code/magnitudr/venv/lib/python3.10/site-packages/airflow/www/views.py", line 84, in <module>
    from airflow.api.common.mark_tasks import (
  File "/mnt/c/Users/MacBook/OneDrive/Dokumen/VS_Code/magnitudr/venv/lib/python3.10/site-packages/airflow/api/common/mark_tasks.py", line 29, in <module>
    from airflow.operators.subdag import SubDagOperator
  File "/mnt/c/Users/MacBook/OneDrive/Dokumen/VS_Code/magnitudr/venv/lib/python3.10/site-packages/airflow/operators/subdag.py", line 39, in <module>
    from airflow.sensors.base import BaseSensorOperator
  File "/mnt/c/Users/MacBook/OneDrive/Dokumen/VS_Code/magnitudr/venv/lib/python3.10/site-packages/airflow/sensors/base.py", line 117, in <module>
    class BaseSensorOperator(BaseOperator, SkipMixin):
  File "/mnt/c/Users/MacBook/OneDrive/Dokumen/VS_Code/magnitudr/venv/lib/python3.10/site-packages/airflow/sensors/base.py", line 173, in BaseSensorOperator
    timeout: timedelta | float = conf.getfloat("sensors", "default_timeout"),
  File "/mnt/c/Users/MacBook/OneDrive/Dokumen/VS_Code/magnitudr/venv/lib/python3.10/site-packages/airflow/configuration.py", line 1186, in getfloat
    raise AirflowConfigException(
airflow.exceptions.AirflowConfigException: Failed to convert value to float. Please check "default_timeout" key in "sensors" section. Current value: "60 * 60 * 24 * 7".
  ____________       _____________
 ____    |__( )_________  __/__  /________      __
____  /| |_  /__  ___/_  /_ __  /_  __ \_ | /| / /
___  ___ |  / _  /   _  __/ _  / / /_/ /_ |/ |/ /
 _/_/  |_/_/  /_/    /_/    /_/  \____/____/|__/
Running the Gunicorn Server with:
Workers: 4 sync
Host: 0.0.0.0:8080
Timeout: 120
Logfiles: - -
Access Logformat: 
=================================================================
[2025-06-10T18:44:10.131+0700] {webserver_command.py:223} ERROR - No response from gunicorn master within 120 seconds
[2025-06-10T18:44:10.147+0700] {webserver_command.py:224} ERROR - Shutting down webserver
